<?xml version="1.0" encoding="UTF-8"?>
<!-- Generated by org.testng.reporters.JUnitXMLReporter -->
<testsuite ignored="3" hostname="Vicky" failures="5" tests="18" name="Test" time="208.064" errors="0" timestamp="2023-11-29T09:58:22 IST">
  <testcase classname="GenericUtility.BaseClass" name="@AfterMethod amConfig" time="20.075">
    <failure type="org.openqa.selenium.NoSuchElementException" message="no such element: Unable to locate element: {&amp;quot;method&amp;quot;:&amp;quot;xpath&amp;quot;,&amp;quot;selector&amp;quot;:&amp;quot;//img[@src=&amp;apos;../../../assets/imgs/power (2) 1.png&amp;apos;]&amp;quot;}
  (Session info: chrome=119.0.6045.160)
For documentation on this error, please visit: https://www.selenium.dev/documentation/webdriver/troubleshooting/errors#no-such-element-exception
Build info: version: &amp;apos;4.14.1&amp;apos;, revision: &amp;apos;03f8ede370&amp;apos;
System info: os.name: &amp;apos;Windows 11&amp;apos;, os.arch: &amp;apos;amd64&amp;apos;, os.version: &amp;apos;10.0&amp;apos;, java.version: &amp;apos;18.0.1.1&amp;apos;
Driver info: org.openqa.selenium.chrome.ChromeDriver
Command: [f56a0f572359c8f0611837bc90886ea0, findElement {using=xpath, value=//img[@src=&amp;apos;../../../assets/imgs/power (2) 1.png&amp;apos;]}]
Capabilities {acceptInsecureCerts: false, browserName: chrome, browserVersion: 119.0.6045.160, chrome: {chromedriverVersion: 119.0.6045.105 (38c72552c5e..., userDataDir: C:\WINDOWS\TEMP\scoped_dir5...}, fedcm:accounts: true, goog:chromeOptions: {debuggerAddress: localhost:56154}, networkConnectionEnabled: false, pageLoadStrategy: normal, platformName: windows, proxy: Proxy(), se:cdp: ws://localhost:56154/devtoo..., se:cdpVersion: 119.0.6045.160, setWindowRect: true, strictFileInteractability: false, timeouts: {implicit: 0, pageLoad: 300000, script: 30000}, unhandledPromptBehavior: dismiss and notify, webauthn:extension:credBlob: true, webauthn:extension:largeBlob: true, webauthn:extension:minPinLength: true, webauthn:extension:prf: true, webauthn:virtualAuthenticators: true}
Session ID: f56a0f572359c8f0611837bc90886ea0">
      <![CDATA[org.openqa.selenium.NoSuchElementException: no such element: Unable to locate element: {"method":"xpath","selector":"//img[@src='../../../assets/imgs/power (2) 1.png']"}
  (Session info: chrome=119.0.6045.160)
For documentation on this error, please visit: https://www.selenium.dev/documentation/webdriver/troubleshooting/errors#no-such-element-exception
Build info: version: '4.14.1', revision: '03f8ede370'
System info: os.name: 'Windows 11', os.arch: 'amd64', os.version: '10.0', java.version: '18.0.1.1'
Driver info: org.openqa.selenium.chrome.ChromeDriver
Command: [f56a0f572359c8f0611837bc90886ea0, findElement {using=xpath, value=//img[@src='../../../assets/imgs/power (2) 1.png']}]
Capabilities {acceptInsecureCerts: false, browserName: chrome, browserVersion: 119.0.6045.160, chrome: {chromedriverVersion: 119.0.6045.105 (38c72552c5e..., userDataDir: C:\WINDOWS\TEMP\scoped_dir5...}, fedcm:accounts: true, goog:chromeOptions: {debuggerAddress: localhost:56154}, networkConnectionEnabled: false, pageLoadStrategy: normal, platformName: windows, proxy: Proxy(), se:cdp: ws://localhost:56154/devtoo..., se:cdpVersion: 119.0.6045.160, setWindowRect: true, strictFileInteractability: false, timeouts: {implicit: 0, pageLoad: 300000, script: 30000}, unhandledPromptBehavior: dismiss and notify, webauthn:extension:credBlob: true, webauthn:extension:largeBlob: true, webauthn:extension:minPinLength: true, webauthn:extension:prf: true, webauthn:virtualAuthenticators: true}
Session ID: f56a0f572359c8f0611837bc90886ea0
at org.openqa.selenium.remote.codec.w3c.W3CHttpResponseCodec.createException(W3CHttpResponseCodec.java:200)
at org.openqa.selenium.remote.codec.w3c.W3CHttpResponseCodec.decode(W3CHttpResponseCodec.java:133)
at org.openqa.selenium.remote.codec.w3c.W3CHttpResponseCodec.decode(W3CHttpResponseCodec.java:52)
at org.openqa.selenium.remote.HttpCommandExecutor.execute(HttpCommandExecutor.java:191)
at org.openqa.selenium.remote.service.DriverCommandExecutor.invokeExecute(DriverCommandExecutor.java:200)
at org.openqa.selenium.remote.service.DriverCommandExecutor.execute(DriverCommandExecutor.java:175)
at org.openqa.selenium.remote.RemoteWebDriver.execute(RemoteWebDriver.java:602)
at org.openqa.selenium.remote.ElementLocation$ElementFinder$2.findElement(ElementLocation.java:165)
at org.openqa.selenium.remote.ElementLocation.findElement(ElementLocation.java:59)
at org.openqa.selenium.remote.RemoteWebDriver.findElement(RemoteWebDriver.java:359)
at org.openqa.selenium.remote.RemoteWebDriver.findElement(RemoteWebDriver.java:353)
at org.openqa.selenium.support.pagefactory.DefaultElementLocator.findElement(DefaultElementLocator.java:68)
at org.openqa.selenium.support.pagefactory.internal.LocatingElementHandler.invoke(LocatingElementHandler.java:38)
at jdk.proxy2/jdk.proxy2.$Proxy19.isDisplayed(Unknown Source)
at org.openqa.selenium.support.ui.ExpectedConditions.elementIfVisible(ExpectedConditions.java:304)
at org.openqa.selenium.support.ui.ExpectedConditions$10.apply(ExpectedConditions.java:290)
at org.openqa.selenium.support.ui.ExpectedConditions$10.apply(ExpectedConditions.java:287)
at org.openqa.selenium.support.ui.FluentWait.until(FluentWait.java:205)
at ObjectRepository.DashboardPage.logoutOfApplication(DashboardPage.java:115)
at GenericUtility.BaseClass.amConfig(BaseClass.java:114)
at java.base/java.util.ArrayList.forEach(ArrayList.java:1511)
at java.base/java.util.concurrent.FutureTask.run(FutureTask.java:264)
at java.base/java.util.concurrent.ThreadPoolExecutor.runWorker(ThreadPoolExecutor.java:1136)
at java.base/java.util.concurrent.ThreadPoolExecutor$Worker.run(ThreadPoolExecutor.java:635)
at java.base/java.lang.Thread.run(Thread.java:833)
... Removed 23 stack frames]]>
    </failure>
  </testcase> <!-- @AfterMethod amConfig -->
  <testcase classname="GenericUtility.BaseClass" name="@BeforeMethod bmConfig" time="0.0">
    <skipped/>
  </testcase> <!-- @BeforeMethod bmConfig -->
  <testcase classname="GenericUtility.BaseClass" name="@AfterMethod amConfig" time="0.0">
    <skipped/>
  </testcase> <!-- @AfterMethod amConfig -->
  <testcase classname="GenericUtility.BaseClass" name="@BeforeMethod bmConfig" time="0.0">
    <skipped/>
  </testcase> <!-- @BeforeMethod bmConfig -->
  <testcase classname="GenericUtility.BaseClass" name="@AfterMethod amConfig" time="0.0">
    <skipped/>
  </testcase> <!-- @AfterMethod amConfig -->
  <testcase classname="GenericUtility.BaseClass" name="@AfterMethod amConfig" time="8.181">
    <failure type="org.openqa.selenium.NoSuchElementException" message="Unable to find element with locator By.xpath: //img[@src=&amp;apos;../../../assets/imgs/power (2) 1.png&amp;apos;]
For documentation on this error, please visit: https://www.selenium.dev/documentation/webdriver/troubleshooting/errors#no-such-element-exception
Build info: version: &amp;apos;4.14.1&amp;apos;, revision: &amp;apos;03f8ede370&amp;apos;
System info: os.name: &amp;apos;Windows 11&amp;apos;, os.arch: &amp;apos;amd64&amp;apos;, os.version: &amp;apos;10.0&amp;apos;, java.version: &amp;apos;18.0.1.1&amp;apos;
Driver info: driver.version: RemoteWebDriver">
      <![CDATA[org.openqa.selenium.NoSuchElementException: Unable to find element with locator By.xpath: //img[@src='../../../assets/imgs/power (2) 1.png']
For documentation on this error, please visit: https://www.selenium.dev/documentation/webdriver/troubleshooting/errors#no-such-element-exception
Build info: version: '4.14.1', revision: '03f8ede370'
System info: os.name: 'Windows 11', os.arch: 'amd64', os.version: '10.0', java.version: '18.0.1.1'
Driver info: driver.version: RemoteWebDriver
at org.openqa.selenium.remote.ElementLocation$ElementFinder$2.findElement(ElementLocation.java:168)
at org.openqa.selenium.remote.ElementLocation.findElement(ElementLocation.java:59)
at org.openqa.selenium.remote.RemoteWebDriver.findElement(RemoteWebDriver.java:359)
at org.openqa.selenium.remote.RemoteWebDriver.findElement(RemoteWebDriver.java:353)
at org.openqa.selenium.support.pagefactory.DefaultElementLocator.findElement(DefaultElementLocator.java:68)
at org.openqa.selenium.support.pagefactory.internal.LocatingElementHandler.invoke(LocatingElementHandler.java:38)
at jdk.proxy2/jdk.proxy2.$Proxy19.isDisplayed(Unknown Source)
at org.openqa.selenium.support.ui.ExpectedConditions.elementIfVisible(ExpectedConditions.java:304)
at org.openqa.selenium.support.ui.ExpectedConditions$10.apply(ExpectedConditions.java:290)
at org.openqa.selenium.support.ui.ExpectedConditions$10.apply(ExpectedConditions.java:287)
at org.openqa.selenium.support.ui.FluentWait.until(FluentWait.java:205)
at ObjectRepository.DashboardPage.logoutOfApplication(DashboardPage.java:115)
at GenericUtility.BaseClass.amConfig(BaseClass.java:114)
at java.base/java.util.ArrayList.forEach(ArrayList.java:1511)
at java.base/java.util.concurrent.FutureTask.run(FutureTask.java:264)
at java.base/java.util.concurrent.ThreadPoolExecutor.runWorker(ThreadPoolExecutor.java:1136)
at java.base/java.util.concurrent.ThreadPoolExecutor$Worker.run(ThreadPoolExecutor.java:635)
at java.base/java.lang.Thread.run(Thread.java:833)
... Removed 20 stack frames]]>
    </failure>
  </testcase> <!-- @AfterMethod amConfig -->
  <testcase classname="GenericUtility.BaseClass" name="@BeforeMethod bmConfig" time="0.0">
    <skipped/>
  </testcase> <!-- @BeforeMethod bmConfig -->
  <testcase classname="GenericUtility.BaseClass" name="@AfterMethod amConfig" time="0.0">
    <skipped/>
  </testcase> <!-- @AfterMethod amConfig -->
  <testcase classname="GenericUtility.BaseClass" name="@BeforeMethod bmConfig" time="0.0">
    <skipped/>
  </testcase> <!-- @BeforeMethod bmConfig -->
  <testcase classname="GenericUtility.BaseClass" name="@AfterMethod amConfig" time="0.0">
    <skipped/>
  </testcase> <!-- @AfterMethod amConfig -->
  <testcase classname="GenericUtility.BaseClass" name="@BeforeMethod bmConfig" time="0.0">
    <skipped/>
  </testcase> <!-- @BeforeMethod bmConfig -->
  <testcase classname="GenericUtility.BaseClass" name="@AfterMethod amConfig" time="0.0">
    <skipped/>
  </testcase> <!-- @AfterMethod amConfig -->
  <testcase classname="GenericUtility.BaseClass" name="@BeforeMethod bmConfig" time="0.0">
    <skipped/>
  </testcase> <!-- @BeforeMethod bmConfig -->
  <testcase classname="GenericUtility.BaseClass" name="@AfterMethod amConfig" time="0.0">
    <skipped/>
  </testcase> <!-- @AfterMethod amConfig -->
  <testcase classname="GenericUtility.BaseClass" name="@BeforeMethod bmConfig" time="0.0">
    <skipped/>
  </testcase> <!-- @BeforeMethod bmConfig -->
  <testcase classname="GenericUtility.BaseClass" name="@AfterMethod amConfig" time="0.0">
    <skipped/>
  </testcase> <!-- @AfterMethod amConfig -->
  <testcase classname="GenericUtility.BaseClass" name="@BeforeMethod bmConfig" time="0.0">
    <skipped/>
  </testcase> <!-- @BeforeMethod bmConfig -->
  <testcase classname="GenericUtility.BaseClass" name="@AfterMethod amConfig" time="0.0">
    <skipped/>
  </testcase> <!-- @AfterMethod amConfig -->
  <testcase classname="GenericUtility.BaseClass" name="@BeforeMethod bmConfig" time="0.0">
    <skipped/>
  </testcase> <!-- @BeforeMethod bmConfig -->
  <testcase classname="GenericUtility.BaseClass" name="@AfterMethod amConfig" time="0.0">
    <skipped/>
  </testcase> <!-- @AfterMethod amConfig -->
  <testcase classname="GenericUtility.BaseClass" name="@BeforeMethod bmConfig" time="0.0">
    <skipped/>
  </testcase> <!-- @BeforeMethod bmConfig -->
  <testcase classname="GenericUtility.BaseClass" name="@AfterMethod amConfig" time="0.0">
    <skipped/>
  </testcase> <!-- @AfterMethod amConfig -->
  <testcase classname="GenericUtility.BaseClass" name="@BeforeMethod bmConfig" time="0.0">
    <skipped/>
  </testcase> <!-- @BeforeMethod bmConfig -->
  <testcase classname="GenericUtility.BaseClass" name="@AfterMethod amConfig" time="0.0">
    <skipped/>
  </testcase> <!-- @AfterMethod amConfig -->
  <testcase classname="GenericUtility.BaseClass" name="@BeforeMethod bmConfig" time="0.0">
    <skipped/>
  </testcase> <!-- @BeforeMethod bmConfig -->
  <testcase classname="GenericUtility.BaseClass" name="@AfterMethod amConfig" time="0.0">
    <skipped/>
  </testcase> <!-- @AfterMethod amConfig -->
  <testcase classname="GenericUtility.BaseClass" name="@AfterClass acConfig" time="0.0">
    <skipped/>
  </testcase> <!-- @AfterClass acConfig -->
  <testcase classname="GenericUtility.BaseClass" name="@BeforeMethod bmConfig" time="0.0">
    <skipped/>
  </testcase> <!-- @BeforeMethod bmConfig -->
  <testcase classname="GenericUtility.BaseClass" name="@AfterMethod amConfig" time="0.0">
    <skipped/>
  </testcase> <!-- @AfterMethod amConfig -->
  <testcase classname="GenericUtility.BaseClass" name="@AfterClass acConfig" time="0.0">
    <skipped/>
  </testcase> <!-- @AfterClass acConfig -->
  <testcase classname="S2_Negative_Scenarious_for_SignupLoginSchemesDepositAmountSprint_1_Stg.Done_BookingAccountErrors" name="adding1RstoBookingAccount" time="32.113">
    <failure type="org.openqa.selenium.NoSuchElementException" message="no such element: Unable to locate element: {&amp;quot;method&amp;quot;:&amp;quot;xpath&amp;quot;,&amp;quot;selector&amp;quot;:&amp;quot;//input[@id=&amp;apos;contact&amp;apos;]&amp;quot;}
  (Session info: chrome=119.0.6045.160)
For documentation on this error, please visit: https://www.selenium.dev/documentation/webdriver/troubleshooting/errors#no-such-element-exception
Build info: version: &amp;apos;4.14.1&amp;apos;, revision: &amp;apos;03f8ede370&amp;apos;
System info: os.name: &amp;apos;Windows 11&amp;apos;, os.arch: &amp;apos;amd64&amp;apos;, os.version: &amp;apos;10.0&amp;apos;, java.version: &amp;apos;18.0.1.1&amp;apos;
Driver info: org.openqa.selenium.chrome.ChromeDriver
Command: [f56a0f572359c8f0611837bc90886ea0, findElement {using=xpath, value=//input[@id=&amp;apos;contact&amp;apos;]}]
Capabilities {acceptInsecureCerts: false, browserName: chrome, browserVersion: 119.0.6045.160, chrome: {chromedriverVersion: 119.0.6045.105 (38c72552c5e..., userDataDir: C:\WINDOWS\TEMP\scoped_dir5...}, fedcm:accounts: true, goog:chromeOptions: {debuggerAddress: localhost:56154}, networkConnectionEnabled: false, pageLoadStrategy: normal, platformName: windows, proxy: Proxy(), se:cdp: ws://localhost:56154/devtoo..., se:cdpVersion: 119.0.6045.160, setWindowRect: true, strictFileInteractability: false, timeouts: {implicit: 0, pageLoad: 300000, script: 30000}, unhandledPromptBehavior: dismiss and notify, webauthn:extension:credBlob: true, webauthn:extension:largeBlob: true, webauthn:extension:minPinLength: true, webauthn:extension:prf: true, webauthn:virtualAuthenticators: true}
Session ID: f56a0f572359c8f0611837bc90886ea0">
      <![CDATA[org.openqa.selenium.NoSuchElementException: no such element: Unable to locate element: {"method":"xpath","selector":"//input[@id='contact']"}
  (Session info: chrome=119.0.6045.160)
For documentation on this error, please visit: https://www.selenium.dev/documentation/webdriver/troubleshooting/errors#no-such-element-exception
Build info: version: '4.14.1', revision: '03f8ede370'
System info: os.name: 'Windows 11', os.arch: 'amd64', os.version: '10.0', java.version: '18.0.1.1'
Driver info: org.openqa.selenium.chrome.ChromeDriver
Command: [f56a0f572359c8f0611837bc90886ea0, findElement {using=xpath, value=//input[@id='contact']}]
Capabilities {acceptInsecureCerts: false, browserName: chrome, browserVersion: 119.0.6045.160, chrome: {chromedriverVersion: 119.0.6045.105 (38c72552c5e..., userDataDir: C:\WINDOWS\TEMP\scoped_dir5...}, fedcm:accounts: true, goog:chromeOptions: {debuggerAddress: localhost:56154}, networkConnectionEnabled: false, pageLoadStrategy: normal, platformName: windows, proxy: Proxy(), se:cdp: ws://localhost:56154/devtoo..., se:cdpVersion: 119.0.6045.160, setWindowRect: true, strictFileInteractability: false, timeouts: {implicit: 0, pageLoad: 300000, script: 30000}, unhandledPromptBehavior: dismiss and notify, webauthn:extension:credBlob: true, webauthn:extension:largeBlob: true, webauthn:extension:minPinLength: true, webauthn:extension:prf: true, webauthn:virtualAuthenticators: true}
Session ID: f56a0f572359c8f0611837bc90886ea0
at org.openqa.selenium.remote.codec.w3c.W3CHttpResponseCodec.createException(W3CHttpResponseCodec.java:200)
at org.openqa.selenium.remote.codec.w3c.W3CHttpResponseCodec.decode(W3CHttpResponseCodec.java:133)
at org.openqa.selenium.remote.codec.w3c.W3CHttpResponseCodec.decode(W3CHttpResponseCodec.java:52)
at org.openqa.selenium.remote.HttpCommandExecutor.execute(HttpCommandExecutor.java:191)
at org.openqa.selenium.remote.service.DriverCommandExecutor.invokeExecute(DriverCommandExecutor.java:200)
at org.openqa.selenium.remote.service.DriverCommandExecutor.execute(DriverCommandExecutor.java:175)
at org.openqa.selenium.remote.RemoteWebDriver.execute(RemoteWebDriver.java:602)
at org.openqa.selenium.remote.ElementLocation$ElementFinder$2.findElement(ElementLocation.java:165)
at org.openqa.selenium.remote.ElementLocation.findElement(ElementLocation.java:59)
at org.openqa.selenium.remote.RemoteWebDriver.findElement(RemoteWebDriver.java:359)
at org.openqa.selenium.remote.RemoteWebDriver.findElement(RemoteWebDriver.java:353)
at S2_Negative_Scenarious_for_SignupLoginSchemesDepositAmountSprint_1_Stg.Done_BookingAccountErrors.adding1RstoBookingAccount(Done_BookingAccountErrors.java:40)
at java.base/java.util.ArrayList.forEach(ArrayList.java:1511)
at java.base/java.util.concurrent.FutureTask.run(FutureTask.java:264)
at java.base/java.util.concurrent.ThreadPoolExecutor.runWorker(ThreadPoolExecutor.java:1136)
at java.base/java.util.concurrent.ThreadPoolExecutor$Worker.run(ThreadPoolExecutor.java:635)
at java.base/java.lang.Thread.run(Thread.java:833)
... Removed 18 stack frames]]>
    </failure>
  </testcase> <!-- adding1RstoBookingAccount -->
  <testcase classname="S2_Negative_Scenarious_for_SignupLoginSchemesDepositAmountSprint_1_Stg.Done_SchemesErrors_StgTest" name="givingInvalidCouponDetailsToSchemesPageTest" time="46.779">
    <failure type="org.openqa.selenium.NoSuchElementException" message="no such element: Unable to locate element: {&amp;quot;method&amp;quot;:&amp;quot;xpath&amp;quot;,&amp;quot;selector&amp;quot;:&amp;quot;abc&amp;quot;}
  (Session info: chrome=119.0.6045.160)
For documentation on this error, please visit: https://www.selenium.dev/documentation/webdriver/troubleshooting/errors#no-such-element-exception
Build info: version: &amp;apos;4.14.1&amp;apos;, revision: &amp;apos;03f8ede370&amp;apos;
System info: os.name: &amp;apos;Windows 11&amp;apos;, os.arch: &amp;apos;amd64&amp;apos;, os.version: &amp;apos;10.0&amp;apos;, java.version: &amp;apos;18.0.1.1&amp;apos;
Driver info: org.openqa.selenium.chrome.ChromeDriver
Command: [38c6002c4466f15cd48fac82eb068779, findElement {using=xpath, value=abc}]
Capabilities {acceptInsecureCerts: false, browserName: chrome, browserVersion: 119.0.6045.160, chrome: {chromedriverVersion: 119.0.6045.105 (38c72552c5e..., userDataDir: C:\WINDOWS\TEMP\scoped_dir2...}, fedcm:accounts: true, goog:chromeOptions: {debuggerAddress: localhost:56220}, networkConnectionEnabled: false, pageLoadStrategy: normal, platformName: windows, proxy: Proxy(), se:cdp: ws://localhost:56220/devtoo..., se:cdpVersion: 119.0.6045.160, setWindowRect: true, strictFileInteractability: false, timeouts: {implicit: 0, pageLoad: 300000, script: 30000}, unhandledPromptBehavior: dismiss and notify, webauthn:extension:credBlob: true, webauthn:extension:largeBlob: true, webauthn:extension:minPinLength: true, webauthn:extension:prf: true, webauthn:virtualAuthenticators: true}
Session ID: 38c6002c4466f15cd48fac82eb068779">
      <![CDATA[org.openqa.selenium.NoSuchElementException: no such element: Unable to locate element: {"method":"xpath","selector":"abc"}
  (Session info: chrome=119.0.6045.160)
For documentation on this error, please visit: https://www.selenium.dev/documentation/webdriver/troubleshooting/errors#no-such-element-exception
Build info: version: '4.14.1', revision: '03f8ede370'
System info: os.name: 'Windows 11', os.arch: 'amd64', os.version: '10.0', java.version: '18.0.1.1'
Driver info: org.openqa.selenium.chrome.ChromeDriver
Command: [38c6002c4466f15cd48fac82eb068779, findElement {using=xpath, value=abc}]
Capabilities {acceptInsecureCerts: false, browserName: chrome, browserVersion: 119.0.6045.160, chrome: {chromedriverVersion: 119.0.6045.105 (38c72552c5e..., userDataDir: C:\WINDOWS\TEMP\scoped_dir2...}, fedcm:accounts: true, goog:chromeOptions: {debuggerAddress: localhost:56220}, networkConnectionEnabled: false, pageLoadStrategy: normal, platformName: windows, proxy: Proxy(), se:cdp: ws://localhost:56220/devtoo..., se:cdpVersion: 119.0.6045.160, setWindowRect: true, strictFileInteractability: false, timeouts: {implicit: 0, pageLoad: 300000, script: 30000}, unhandledPromptBehavior: dismiss and notify, webauthn:extension:credBlob: true, webauthn:extension:largeBlob: true, webauthn:extension:minPinLength: true, webauthn:extension:prf: true, webauthn:virtualAuthenticators: true}
Session ID: 38c6002c4466f15cd48fac82eb068779
at org.openqa.selenium.remote.codec.w3c.W3CHttpResponseCodec.createException(W3CHttpResponseCodec.java:200)
at org.openqa.selenium.remote.codec.w3c.W3CHttpResponseCodec.decode(W3CHttpResponseCodec.java:133)
at org.openqa.selenium.remote.codec.w3c.W3CHttpResponseCodec.decode(W3CHttpResponseCodec.java:52)
at org.openqa.selenium.remote.HttpCommandExecutor.execute(HttpCommandExecutor.java:191)
at org.openqa.selenium.remote.service.DriverCommandExecutor.invokeExecute(DriverCommandExecutor.java:200)
at org.openqa.selenium.remote.service.DriverCommandExecutor.execute(DriverCommandExecutor.java:175)
at org.openqa.selenium.remote.RemoteWebDriver.execute(RemoteWebDriver.java:602)
at org.openqa.selenium.remote.ElementLocation$ElementFinder$2.findElement(ElementLocation.java:165)
at org.openqa.selenium.remote.ElementLocation.findElement(ElementLocation.java:59)
at org.openqa.selenium.remote.RemoteWebDriver.findElement(RemoteWebDriver.java:359)
at org.openqa.selenium.remote.RemoteWebDriver.findElement(RemoteWebDriver.java:353)
at S2_Negative_Scenarious_for_SignupLoginSchemesDepositAmountSprint_1_Stg.Done_SchemesErrors_StgTest.givingInvalidCouponDetailsToSchemesPageTest(Done_SchemesErrors_StgTest.java:71)
at java.base/java.util.ArrayList.forEach(ArrayList.java:1511)
at java.base/java.util.concurrent.FutureTask.run(FutureTask.java:264)
at java.base/java.util.concurrent.ThreadPoolExecutor.runWorker(ThreadPoolExecutor.java:1136)
at java.base/java.util.concurrent.ThreadPoolExecutor$Worker.run(ThreadPoolExecutor.java:635)
at java.base/java.lang.Thread.run(Thread.java:833)
... Removed 18 stack frames]]>
    </failure>
  </testcase> <!-- givingInvalidCouponDetailsToSchemesPageTest -->
  <testcase classname="S2_Negative_Scenarious_for_SignupLoginSchemesDepositAmountSprint_1_Stg.Done_BookingAccountErrors" name="adding50RstoBookingAccountAndClickingOnSuccessButtonPass" time="0.0">
    <skipped/>
  </testcase> <!-- adding50RstoBookingAccountAndClickingOnSuccessButtonPass -->
  <testcase classname="S2_Negative_Scenarious_for_SignupLoginSchemesDepositAmountSprint_1_Stg.Done_SchemesErrors_StgTest" name="withoutGivingAnyDetailsInSchemesPageErrorTest" time="37.539">
    <failure type="org.openqa.selenium.NoSuchElementException" message="no such element: Unable to locate element: {&amp;quot;method&amp;quot;:&amp;quot;xpath&amp;quot;,&amp;quot;selector&amp;quot;:&amp;quot;abc&amp;quot;}
  (Session info: chrome=119.0.6045.160)
For documentation on this error, please visit: https://www.selenium.dev/documentation/webdriver/troubleshooting/errors#no-such-element-exception
Build info: version: &amp;apos;4.14.1&amp;apos;, revision: &amp;apos;03f8ede370&amp;apos;
System info: os.name: &amp;apos;Windows 11&amp;apos;, os.arch: &amp;apos;amd64&amp;apos;, os.version: &amp;apos;10.0&amp;apos;, java.version: &amp;apos;18.0.1.1&amp;apos;
Driver info: org.openqa.selenium.chrome.ChromeDriver
Command: [38c6002c4466f15cd48fac82eb068779, findElement {using=xpath, value=abc}]
Capabilities {acceptInsecureCerts: false, browserName: chrome, browserVersion: 119.0.6045.160, chrome: {chromedriverVersion: 119.0.6045.105 (38c72552c5e..., userDataDir: C:\WINDOWS\TEMP\scoped_dir2...}, fedcm:accounts: true, goog:chromeOptions: {debuggerAddress: localhost:56220}, networkConnectionEnabled: false, pageLoadStrategy: normal, platformName: windows, proxy: Proxy(), se:cdp: ws://localhost:56220/devtoo..., se:cdpVersion: 119.0.6045.160, setWindowRect: true, strictFileInteractability: false, timeouts: {implicit: 0, pageLoad: 300000, script: 30000}, unhandledPromptBehavior: dismiss and notify, webauthn:extension:credBlob: true, webauthn:extension:largeBlob: true, webauthn:extension:minPinLength: true, webauthn:extension:prf: true, webauthn:virtualAuthenticators: true}
Session ID: 38c6002c4466f15cd48fac82eb068779">
      <![CDATA[org.openqa.selenium.NoSuchElementException: no such element: Unable to locate element: {"method":"xpath","selector":"abc"}
  (Session info: chrome=119.0.6045.160)
For documentation on this error, please visit: https://www.selenium.dev/documentation/webdriver/troubleshooting/errors#no-such-element-exception
Build info: version: '4.14.1', revision: '03f8ede370'
System info: os.name: 'Windows 11', os.arch: 'amd64', os.version: '10.0', java.version: '18.0.1.1'
Driver info: org.openqa.selenium.chrome.ChromeDriver
Command: [38c6002c4466f15cd48fac82eb068779, findElement {using=xpath, value=abc}]
Capabilities {acceptInsecureCerts: false, browserName: chrome, browserVersion: 119.0.6045.160, chrome: {chromedriverVersion: 119.0.6045.105 (38c72552c5e..., userDataDir: C:\WINDOWS\TEMP\scoped_dir2...}, fedcm:accounts: true, goog:chromeOptions: {debuggerAddress: localhost:56220}, networkConnectionEnabled: false, pageLoadStrategy: normal, platformName: windows, proxy: Proxy(), se:cdp: ws://localhost:56220/devtoo..., se:cdpVersion: 119.0.6045.160, setWindowRect: true, strictFileInteractability: false, timeouts: {implicit: 0, pageLoad: 300000, script: 30000}, unhandledPromptBehavior: dismiss and notify, webauthn:extension:credBlob: true, webauthn:extension:largeBlob: true, webauthn:extension:minPinLength: true, webauthn:extension:prf: true, webauthn:virtualAuthenticators: true}
Session ID: 38c6002c4466f15cd48fac82eb068779
at org.openqa.selenium.remote.codec.w3c.W3CHttpResponseCodec.createException(W3CHttpResponseCodec.java:200)
at org.openqa.selenium.remote.codec.w3c.W3CHttpResponseCodec.decode(W3CHttpResponseCodec.java:133)
at org.openqa.selenium.remote.codec.w3c.W3CHttpResponseCodec.decode(W3CHttpResponseCodec.java:52)
at org.openqa.selenium.remote.HttpCommandExecutor.execute(HttpCommandExecutor.java:191)
at org.openqa.selenium.remote.service.DriverCommandExecutor.invokeExecute(DriverCommandExecutor.java:200)
at org.openqa.selenium.remote.service.DriverCommandExecutor.execute(DriverCommandExecutor.java:175)
at org.openqa.selenium.remote.RemoteWebDriver.execute(RemoteWebDriver.java:602)
at org.openqa.selenium.remote.ElementLocation$ElementFinder$2.findElement(ElementLocation.java:165)
at org.openqa.selenium.remote.ElementLocation.findElement(ElementLocation.java:59)
at org.openqa.selenium.remote.RemoteWebDriver.findElement(RemoteWebDriver.java:359)
at org.openqa.selenium.remote.RemoteWebDriver.findElement(RemoteWebDriver.java:353)
at S2_Negative_Scenarious_for_SignupLoginSchemesDepositAmountSprint_1_Stg.Done_SchemesErrors_StgTest.withoutGivingAnyDetailsInSchemesPageErrorTest(Done_SchemesErrors_StgTest.java:111)
at java.base/java.util.ArrayList.forEach(ArrayList.java:1511)
at java.base/java.util.concurrent.FutureTask.run(FutureTask.java:264)
at java.base/java.util.concurrent.ThreadPoolExecutor.runWorker(ThreadPoolExecutor.java:1136)
at java.base/java.util.concurrent.ThreadPoolExecutor$Worker.run(ThreadPoolExecutor.java:635)
at java.base/java.lang.Thread.run(Thread.java:833)
... Removed 18 stack frames]]>
    </failure>
  </testcase> <!-- withoutGivingAnyDetailsInSchemesPageErrorTest -->
  <testcase classname="S2_Negative_Scenarious_for_SignupLoginSchemesDepositAmountSprint_1_Stg.Done_SchemesErrors_StgTest" name="clickingOnStartSubscritionButtonWithOutCheckingIAgreeTermsAndConditionsCheckboxTest" time="33.823">
    <failure type="org.openqa.selenium.ElementClickInterceptedException" message="element click intercepted: Element &amp;lt;select _ngcontent-rph-c101=&amp;quot;&amp;quot; type=&amp;quot;number&amp;quot; placeholder=&amp;quot;Months&amp;quot; formcontrolname=&amp;quot;total_installments&amp;quot; class=&amp;quot;form-control myinput&amp;quot;&amp;gt;...&amp;lt;/select&amp;gt; is not clickable at point (1354, 20). Other element would receive the click: &amp;lt;button _ngcontent-rph-c50=&amp;quot;&amp;quot; routerlink=&amp;quot;ecommerce/cartpage&amp;quot; class=&amp;quot;btn mt-3 ng-tns-c50-5&amp;quot; tabindex=&amp;quot;0&amp;quot;&amp;gt;...&amp;lt;/button&amp;gt;
  (Session info: chrome=119.0.6045.160)
Build info: version: &amp;apos;4.14.1&amp;apos;, revision: &amp;apos;03f8ede370&amp;apos;
System info: os.name: &amp;apos;Windows 11&amp;apos;, os.arch: &amp;apos;amd64&amp;apos;, os.version: &amp;apos;10.0&amp;apos;, java.version: &amp;apos;18.0.1.1&amp;apos;
Driver info: org.openqa.selenium.chrome.ChromeDriver
Command: [38c6002c4466f15cd48fac82eb068779, clickElement {id=5C4651E38417EA71A46AB1AB739CC491_element_214}]
Capabilities {acceptInsecureCerts: false, browserName: chrome, browserVersion: 119.0.6045.160, chrome: {chromedriverVersion: 119.0.6045.105 (38c72552c5e..., userDataDir: C:\WINDOWS\TEMP\scoped_dir2...}, fedcm:accounts: true, goog:chromeOptions: {debuggerAddress: localhost:56220}, networkConnectionEnabled: false, pageLoadStrategy: normal, platformName: windows, proxy: Proxy(), se:cdp: ws://localhost:56220/devtoo..., se:cdpVersion: 119.0.6045.160, setWindowRect: true, strictFileInteractability: false, timeouts: {implicit: 0, pageLoad: 300000, script: 30000}, unhandledPromptBehavior: dismiss and notify, webauthn:extension:credBlob: true, webauthn:extension:largeBlob: true, webauthn:extension:minPinLength: true, webauthn:extension:prf: true, webauthn:virtualAuthenticators: true}
Element: [[ChromeDriver: chrome on windows (38c6002c4466f15cd48fac82eb068779)] -&amp;gt; xpath: //select[@placeholder=&amp;apos;Months&amp;apos;]]
Session ID: 38c6002c4466f15cd48fac82eb068779">
      <![CDATA[org.openqa.selenium.ElementClickInterceptedException: element click intercepted: Element <select _ngcontent-rph-c101="" type="number" placeholder="Months" formcontrolname="total_installments" class="form-control myinput">...</select> is not clickable at point (1354, 20). Other element would receive the click: <button _ngcontent-rph-c50="" routerlink="ecommerce/cartpage" class="btn mt-3 ng-tns-c50-5" tabindex="0">...</button>
  (Session info: chrome=119.0.6045.160)
Build info: version: '4.14.1', revision: '03f8ede370'
System info: os.name: 'Windows 11', os.arch: 'amd64', os.version: '10.0', java.version: '18.0.1.1'
Driver info: org.openqa.selenium.chrome.ChromeDriver
Command: [38c6002c4466f15cd48fac82eb068779, clickElement {id=5C4651E38417EA71A46AB1AB739CC491_element_214}]
Capabilities {acceptInsecureCerts: false, browserName: chrome, browserVersion: 119.0.6045.160, chrome: {chromedriverVersion: 119.0.6045.105 (38c72552c5e..., userDataDir: C:\WINDOWS\TEMP\scoped_dir2...}, fedcm:accounts: true, goog:chromeOptions: {debuggerAddress: localhost:56220}, networkConnectionEnabled: false, pageLoadStrategy: normal, platformName: windows, proxy: Proxy(), se:cdp: ws://localhost:56220/devtoo..., se:cdpVersion: 119.0.6045.160, setWindowRect: true, strictFileInteractability: false, timeouts: {implicit: 0, pageLoad: 300000, script: 30000}, unhandledPromptBehavior: dismiss and notify, webauthn:extension:credBlob: true, webauthn:extension:largeBlob: true, webauthn:extension:minPinLength: true, webauthn:extension:prf: true, webauthn:virtualAuthenticators: true}
Element: [[ChromeDriver: chrome on windows (38c6002c4466f15cd48fac82eb068779)] -> xpath: //select[@placeholder='Months']]
Session ID: 38c6002c4466f15cd48fac82eb068779
at org.openqa.selenium.remote.codec.w3c.W3CHttpResponseCodec.createException(W3CHttpResponseCodec.java:200)
at org.openqa.selenium.remote.codec.w3c.W3CHttpResponseCodec.decode(W3CHttpResponseCodec.java:133)
at org.openqa.selenium.remote.codec.w3c.W3CHttpResponseCodec.decode(W3CHttpResponseCodec.java:52)
at org.openqa.selenium.remote.HttpCommandExecutor.execute(HttpCommandExecutor.java:191)
at org.openqa.selenium.remote.service.DriverCommandExecutor.invokeExecute(DriverCommandExecutor.java:200)
at org.openqa.selenium.remote.service.DriverCommandExecutor.execute(DriverCommandExecutor.java:175)
at org.openqa.selenium.remote.RemoteWebDriver.execute(RemoteWebDriver.java:602)
at org.openqa.selenium.remote.RemoteWebElement.execute(RemoteWebElement.java:224)
at org.openqa.selenium.remote.RemoteWebElement.click(RemoteWebElement.java:77)
at S2_Negative_Scenarious_for_SignupLoginSchemesDepositAmountSprint_1_Stg.Done_SchemesErrors_StgTest.clickingOnStartSubscritionButtonWithOutCheckingIAgreeTermsAndConditionsCheckboxTest(Done_SchemesErrors_StgTest.java:166)
at java.base/java.util.ArrayList.forEach(ArrayList.java:1511)
at java.base/java.util.concurrent.FutureTask.run(FutureTask.java:264)
at java.base/java.util.concurrent.ThreadPoolExecutor.runWorker(ThreadPoolExecutor.java:1136)
at java.base/java.util.concurrent.ThreadPoolExecutor$Worker.run(ThreadPoolExecutor.java:635)
at java.base/java.lang.Thread.run(Thread.java:833)
... Removed 18 stack frames]]>
    </failure>
  </testcase> <!-- clickingOnStartSubscritionButtonWithOutCheckingIAgreeTermsAndConditionsCheckboxTest -->
  <testcase classname="S2_Negative_Scenarious_for_SignupLoginSchemesDepositAmountSprint_1_Stg.Done_BookingAccountErrors" name="withoutGivingAmountInBookingAccountTextFieldAndClickingOnSubmitButton" time="0.0">
    <skipped/>
  </testcase> <!-- withoutGivingAmountInBookingAccountTextFieldAndClickingOnSubmitButton -->
  <testcase classname="S2_Negative_Scenarious_for_SignupLoginSchemesDepositAmountSprint_1_Stg.Done_SchemesErrors_StgTest" name="clickingOnStartSubscritionButtonByGivingAmountAndCheckingBookingAccountCheckboxTest" time="20.061">
    <failure type="org.openqa.selenium.NoSuchElementException" message="no such element: Unable to locate element: {&amp;quot;method&amp;quot;:&amp;quot;xpath&amp;quot;,&amp;quot;selector&amp;quot;:&amp;quot;//span[.=&amp;apos;Schemes&amp;apos;]&amp;quot;}
  (Session info: chrome=119.0.6045.160)
For documentation on this error, please visit: https://www.selenium.dev/documentation/webdriver/troubleshooting/errors#no-such-element-exception
Build info: version: &amp;apos;4.14.1&amp;apos;, revision: &amp;apos;03f8ede370&amp;apos;
System info: os.name: &amp;apos;Windows 11&amp;apos;, os.arch: &amp;apos;amd64&amp;apos;, os.version: &amp;apos;10.0&amp;apos;, java.version: &amp;apos;18.0.1.1&amp;apos;
Driver info: org.openqa.selenium.chrome.ChromeDriver
Command: [38c6002c4466f15cd48fac82eb068779, findElement {using=xpath, value=//span[.=&amp;apos;Schemes&amp;apos;]}]
Capabilities {acceptInsecureCerts: false, browserName: chrome, browserVersion: 119.0.6045.160, chrome: {chromedriverVersion: 119.0.6045.105 (38c72552c5e..., userDataDir: C:\WINDOWS\TEMP\scoped_dir2...}, fedcm:accounts: true, goog:chromeOptions: {debuggerAddress: localhost:56220}, networkConnectionEnabled: false, pageLoadStrategy: normal, platformName: windows, proxy: Proxy(), se:cdp: ws://localhost:56220/devtoo..., se:cdpVersion: 119.0.6045.160, setWindowRect: true, strictFileInteractability: false, timeouts: {implicit: 0, pageLoad: 300000, script: 30000}, unhandledPromptBehavior: dismiss and notify, webauthn:extension:credBlob: true, webauthn:extension:largeBlob: true, webauthn:extension:minPinLength: true, webauthn:extension:prf: true, webauthn:virtualAuthenticators: true}
Session ID: 38c6002c4466f15cd48fac82eb068779">
      <![CDATA[org.openqa.selenium.NoSuchElementException: no such element: Unable to locate element: {"method":"xpath","selector":"//span[.='Schemes']"}
  (Session info: chrome=119.0.6045.160)
For documentation on this error, please visit: https://www.selenium.dev/documentation/webdriver/troubleshooting/errors#no-such-element-exception
Build info: version: '4.14.1', revision: '03f8ede370'
System info: os.name: 'Windows 11', os.arch: 'amd64', os.version: '10.0', java.version: '18.0.1.1'
Driver info: org.openqa.selenium.chrome.ChromeDriver
Command: [38c6002c4466f15cd48fac82eb068779, findElement {using=xpath, value=//span[.='Schemes']}]
Capabilities {acceptInsecureCerts: false, browserName: chrome, browserVersion: 119.0.6045.160, chrome: {chromedriverVersion: 119.0.6045.105 (38c72552c5e..., userDataDir: C:\WINDOWS\TEMP\scoped_dir2...}, fedcm:accounts: true, goog:chromeOptions: {debuggerAddress: localhost:56220}, networkConnectionEnabled: false, pageLoadStrategy: normal, platformName: windows, proxy: Proxy(), se:cdp: ws://localhost:56220/devtoo..., se:cdpVersion: 119.0.6045.160, setWindowRect: true, strictFileInteractability: false, timeouts: {implicit: 0, pageLoad: 300000, script: 30000}, unhandledPromptBehavior: dismiss and notify, webauthn:extension:credBlob: true, webauthn:extension:largeBlob: true, webauthn:extension:minPinLength: true, webauthn:extension:prf: true, webauthn:virtualAuthenticators: true}
Session ID: 38c6002c4466f15cd48fac82eb068779
at org.openqa.selenium.remote.codec.w3c.W3CHttpResponseCodec.createException(W3CHttpResponseCodec.java:200)
at org.openqa.selenium.remote.codec.w3c.W3CHttpResponseCodec.decode(W3CHttpResponseCodec.java:133)
at org.openqa.selenium.remote.codec.w3c.W3CHttpResponseCodec.decode(W3CHttpResponseCodec.java:52)
at org.openqa.selenium.remote.HttpCommandExecutor.execute(HttpCommandExecutor.java:191)
at org.openqa.selenium.remote.service.DriverCommandExecutor.invokeExecute(DriverCommandExecutor.java:200)
at org.openqa.selenium.remote.service.DriverCommandExecutor.execute(DriverCommandExecutor.java:175)
at org.openqa.selenium.remote.RemoteWebDriver.execute(RemoteWebDriver.java:602)
at org.openqa.selenium.remote.ElementLocation$ElementFinder$2.findElement(ElementLocation.java:165)
at org.openqa.selenium.remote.ElementLocation.findElement(ElementLocation.java:59)
at org.openqa.selenium.remote.RemoteWebDriver.findElement(RemoteWebDriver.java:359)
at org.openqa.selenium.remote.RemoteWebDriver.findElement(RemoteWebDriver.java:353)
at S2_Negative_Scenarious_for_SignupLoginSchemesDepositAmountSprint_1_Stg.Done_SchemesErrors_StgTest.clickingOnStartSubscritionButtonByGivingAmountAndCheckingBookingAccountCheckboxTest(Done_SchemesErrors_StgTest.java:178)
at java.base/java.util.ArrayList.forEach(ArrayList.java:1511)
at java.base/java.util.concurrent.FutureTask.run(FutureTask.java:264)
at java.base/java.util.concurrent.ThreadPoolExecutor.runWorker(ThreadPoolExecutor.java:1136)
at java.base/java.util.concurrent.ThreadPoolExecutor$Worker.run(ThreadPoolExecutor.java:635)
at java.base/java.lang.Thread.run(Thread.java:833)
... Removed 18 stack frames]]>
    </failure>
  </testcase> <!-- clickingOnStartSubscritionButtonByGivingAmountAndCheckingBookingAccountCheckboxTest -->
  <testcase classname="S2_Negative_Scenarious_for_SignupLoginSchemesDepositAmountSprint_1_Stg.Done_BookingAccountErrors" name="entering1RsInWithdrawAmountTextFieldAndClickonWithdraw" time="0.0">
    <skipped/>
  </testcase> <!-- entering1RsInWithdrawAmountTextFieldAndClickonWithdraw -->
  <testcase classname="S2_Negative_Scenarious_for_SignupLoginSchemesDepositAmountSprint_1_Stg.Done_SchemesErrors_StgTest" name="afterSchemeSubscriptionFetchingSuccessMsgTest" time="0.0">
    <skipped/>
  </testcase> <!-- afterSchemeSubscriptionFetchingSuccessMsgTest -->
  <testcase classname="S2_Negative_Scenarious_for_SignupLoginSchemesDepositAmountSprint_1_Stg.Done_BookingAccountErrors" name="entering50RsInWithdrawAmountTextFieldAndClickonWithdraw" time="0.0">
    <skipped/>
  </testcase> <!-- entering50RsInWithdrawAmountTextFieldAndClickonWithdraw -->
  <testcase classname="S2_Negative_Scenarious_for_SignupLoginSchemesDepositAmountSprint_1_Stg.Done_SchemesErrors_StgTest" name="afterSchemeSubscriptionFetchingFailureMsgTest" time="0.0">
    <skipped/>
  </testcase> <!-- afterSchemeSubscriptionFetchingFailureMsgTest -->
  <testcase classname="S2_Negative_Scenarious_for_SignupLoginSchemesDepositAmountSprint_1_Stg.Done_BookingAccountErrors" name="entering499RsInWithdrawAmountTextFieldAndClickonWithdraw" time="0.0">
    <skipped/>
  </testcase> <!-- entering499RsInWithdrawAmountTextFieldAndClickonWithdraw -->
  <testcase classname="S2_Negative_Scenarious_for_SignupLoginSchemesDepositAmountSprint_1_Stg.Done_BookingAccountErrors" name="entering500RsInWithdrawAmountTextFieldAndClickonWithdraw" time="0.0">
    <skipped/>
  </testcase> <!-- entering500RsInWithdrawAmountTextFieldAndClickonWithdraw -->
  <testcase classname="S2_Negative_Scenarious_for_SignupLoginSchemesDepositAmountSprint_1_Stg.Done_BookingAccountErrors" name="entering500RsInWithdrawAmountTextFieldAndClickonWithdraw" time="0.0">
    <skipped/>
  </testcase> <!-- entering500RsInWithdrawAmountTextFieldAndClickonWithdraw -->
  <testcase classname="S2_Negative_Scenarious_for_SignupLoginSchemesDepositAmountSprint_1_Stg.Done_SchemesErrors_StgTest" name="takingScreenshotofRecentlySubscribedSchemeTest" time="0.0">
    <skipped/>
  </testcase> <!-- takingScreenshotofRecentlySubscribedSchemeTest -->
  <testcase classname="S2_Negative_Scenarious_for_SignupLoginSchemesDepositAmountSprint_1_Stg.Done_BookingAccountErrors" name="enteringNegative5RsInWithdrawAmountTextFieldAndClickonWithdraw" time="0.016">
    <skipped/>
  </testcase> <!-- enteringNegative5RsInWithdrawAmountTextFieldAndClickonWithdraw -->
  <testcase classname="S2_Negative_Scenarious_for_SignupLoginSchemesDepositAmountSprint_1_Stg.Done_SchemesErrors_StgTest" name="takingScreenshotofRecentlySubscribedSchemeAfterDownlodingTest" time="0.0">
    <skipped/>
  </testcase> <!-- takingScreenshotofRecentlySubscribedSchemeAfterDownlodingTest -->
  <testcase classname="S2_Negative_Scenarious_for_SignupLoginSchemesDepositAmountSprint_1_Stg.Done_BookingAccountErrors" name="adding50RstoBookingAccountAndClickingOnFailureButton" time="0.0">
    <skipped/>
  </testcase> <!-- adding50RstoBookingAccountAndClickingOnFailureButton -->
  <testcase classname="S2_Negative_Scenarious_for_SignupLoginSchemesDepositAmountSprint_1_Stg.Done_BookingAccountErrors" name="addingAmountToBookingAccountUsingDebitCard" time="0.0">
    <ignored/>
  </testcase> <!-- addingAmountToBookingAccountUsingDebitCard -->
  <testcase classname="GenericUtility.BaseClass" name="@AfterSuite asConfig" time="0.0">
    <ignored/>
  </testcase> <!-- @AfterSuite asConfig -->
  <testcase classname="GenericUtility.BaseClass" name="@BeforeSuite bsConfig" time="0.0">
    <ignored/>
  </testcase> <!-- @BeforeSuite bsConfig -->
</testsuite> <!-- Test -->
